Vivado Simulator 2017.4
Copyright 1986-1999, 2001-2016 Xilinx, Inc. All Rights Reserved.
Running: D:/Xilinx/Vivado/2017.4/bin/unwrapped/win64.o/xelab.exe -wto d6a21451c94e48eea568e06b57ade5df --incr --debug typical --relax --mt 2 -L xil_defaultlib -L unisims_ver -L unimacro_ver -L secureip -L xpm --snapshot sim_1_behav xil_defaultlib.sim_1 xil_defaultlib.glbl -log elaborate.log 
Using 2 slave threads.
Starting static elaboration
Completed static elaboration
Starting simulation data flow analysis
Completed simulation data flow analysis
Time Resolution for simulation is 1ps
Compiling module xil_defaultlib.PC
Compiling module xil_defaultlib.rom
Compiling module xil_defaultlib.IF
Compiling module xil_defaultlib.InstrumentDecoder
Compiling module xil_defaultlib.CU
Compiling module xil_defaultlib.ID
Compiling module xil_defaultlib.alu
Compiling module xil_defaultlib.EXE
Compiling module xil_defaultlib.ram
Compiling module xil_defaultlib.IOManager
Compiling module xil_defaultlib.MEM
Compiling module xil_defaultlib.registers
Compiling module xil_defaultlib.WB
Compiling module xil_defaultlib.CPU
Compiling module xil_defaultlib.top
Compiling module xil_defaultlib.clkdiv
Compiling module xil_defaultlib.BCD
Compiling module xil_defaultlib.shift_array
Compiling module xil_defaultlib.x7seg_msg
Compiling module xil_defaultlib.scroll_top
Compiling module xil_defaultlib.seq
Compiling module xil_defaultlib.filter
Compiling module xil_defaultlib.sim_1
Compiling module xil_defaultlib.glbl
Built simulation snapshot sim_1_behav
