Vivado Simulator 2017.4
Time resolution is 1 ps
                  35 swap successfully: [31] <--> [ 0]
                  75 swap successfully: [30] <--> [ 1]
                 115 swap successfully: [29] <--> [ 2]
                 155 swap successfully: [28] <--> [ 3]
                 195 swap successfully: [27] <--> [ 4]
                 235 swap successfully: [26] <--> [ 5]
                 275 swap successfully: [25] <--> [ 6]
                 315 swap successfully: [24] <--> [ 7]
                 355 swap successfully: [23] <--> [ 8]
                 395 swap successfully: [22] <--> [ 9]
                 435 swap successfully: [21] <--> [10]
                 475 swap successfully: [20] <--> [11]
                 515 swap successfully: [19] <--> [12]
                 555 swap successfully: [18] <--> [13]
                 595 swap successfully: [17] <--> [14]
                 635 swap successfully: [16] <--> [15]
                 675 swap successfully: [15] <--> [16]
                 715 swap successfully: [14] <--> [17]
                 755 swap successfully: [13] <--> [18]
                 795 swap successfully: [12] <--> [19]
                 835 swap successfully: [11] <--> [20]
                 875 swap successfully: [10] <--> [21]
                 915 swap successfully: [ 9] <--> [22]
                 955 swap successfully: [ 8] <--> [23]
                 995 swap successfully: [ 7] <--> [24]
