#-----------------------------------------------------------
# Vivado v2017.4 (64-bit)
# SW Build 2086221 on Fri Dec 15 20:55:39 MST 2017
# IP Build 2085800 on Fri Dec 15 22:25:07 MST 2017
# Start of session at: Tue Jun 15 19:49:57 2021
# Process ID: 15696
# Current directory: D:/Xilinx/Vivado/projects/ALU_FIB
# Command line: vivado.exe -gui_launcher_event rodinguilauncherevent6740 D:\Xilinx\Vivado\projects\ALU_FIB\ALU_FIB.xpr
# Log file: D:/Xilinx/Vivado/projects/ALU_FIB/vivado.log
# Journal file: D:/Xilinx/Vivado/projects/ALU_FIB\vivado.jou
#-----------------------------------------------------------
start_gui
open_project D:/Xilinx/Vivado/projects/ALU_FIB/ALU_FIB.xpr
Scanning sources...
Finished scanning sources
INFO: [IP_Flow 19-234] Refreshing IP repositories
INFO: [IP_Flow 19-1704] No user IP repositories specified
INFO: [IP_Flow 19-2313] Loaded Vivado IP repository 'D:/Xilinx/Vivado/2017.4/data/ip'.
exit
INFO: [Common 17-206] Exiting Vivado at Tue Jun 15 19:50:17 2021...
