#-----------------------------------------------------------
# Vivado v2017.4 (64-bit)
# SW Build 2086221 on Fri Dec 15 20:55:39 MST 2017
# IP Build 2085800 on Fri Dec 15 22:25:07 MST 2017
# Start of session at: Sun Jun  6 18:38:18 2021
# Process ID: 4056
# Current directory: D:/Xilinx/Vivado/projects/project_1
# Command line: vivado.exe -gui_launcher_event rodinguilauncherevent10300 D:\Xilinx\Vivado\projects\project_1\project_1.xpr
# Log file: D:/Xilinx/Vivado/projects/project_1/vivado.log
# Journal file: D:/Xilinx/Vivado/projects/project_1\vivado.jou
#-----------------------------------------------------------
start_gui
open_project D:/Xilinx/Vivado/projects/project_1/project_1.xpr
Scanning sources...
Finished scanning sources
INFO: [IP_Flow 19-234] Refreshing IP repositories
INFO: [IP_Flow 19-1704] No user IP repositories specified
INFO: [IP_Flow 19-2313] Loaded Vivado IP repository 'D:/Xilinx/Vivado/2017.4/data/ip'.
open_project: Time (s): cpu = 00:00:10 ; elapsed = 00:00:25 . Memory (MB): peak = 772.965 ; gain = 95.102
update_compile_order -fileset sources_1
exit
INFO: [Common 17-206] Exiting Vivado at Sun Jun  6 18:43:31 2021...
